C:\Users\admin\Documents\Visual Studio 2017\AngularBasic\AngularBasic\wwwroot\clientapp\dist\wwwroot\ts\storecustomer.js
C:\Users\admin\Documents\Visual Studio 2017\AngularBasic\AngularBasic\wwwroot\clientapp\dist\wwwroot\ts\storecustomer.js.map
C:\Users\admin\Documents\Visual Studio 2017\AngularBasic\AngularBasic\wwwroot\clientapp\dist\wwwroot\ts\main.js
C:\Users\admin\Documents\Visual Studio 2017\AngularBasic\AngularBasic\wwwroot\clientapp\dist\wwwroot\ts\main.js.map
C:\Users\admin\Documents\Visual Studio 2017\AngularBasic\AngularBasic\wwwroot\clientapp\dist\ClientApp\app\app.component.js
C:\Users\admin\Documents\Visual Studio 2017\AngularBasic\AngularBasic\wwwroot\clientapp\dist\ClientApp\app\app.component.js.map
C:\Users\admin\Documents\Visual Studio 2017\AngularBasic\AngularBasic\wwwroot\clientapp\dist\ClientApp\app\shared\product.js
C:\Users\admin\Documents\Visual Studio 2017\AngularBasic\AngularBasic\wwwroot\clientapp\dist\ClientApp\app\shared\product.js.map
C:\Users\admin\Documents\Visual Studio 2017\AngularBasic\AngularBasic\wwwroot\clientapp\dist\ClientApp\app\shared\order.js
C:\Users\admin\Documents\Visual Studio 2017\AngularBasic\AngularBasic\wwwroot\clientapp\dist\ClientApp\app\shared\order.js.map
C:\Users\admin\Documents\Visual Studio 2017\AngularBasic\AngularBasic\wwwroot\clientapp\dist\ClientApp\app\shared\dataService.js
C:\Users\admin\Documents\Visual Studio 2017\AngularBasic\AngularBasic\wwwroot\clientapp\dist\ClientApp\app\shared\dataService.js.map
C:\Users\admin\Documents\Visual Studio 2017\AngularBasic\AngularBasic\wwwroot\clientapp\dist\ClientApp\app\shop\productList.component.js
C:\Users\admin\Documents\Visual Studio 2017\AngularBasic\AngularBasic\wwwroot\clientapp\dist\ClientApp\app\shop\productList.component.js.map
C:\Users\admin\Documents\Visual Studio 2017\AngularBasic\AngularBasic\wwwroot\clientapp\dist\ClientApp\app\shop\cart.component.js
C:\Users\admin\Documents\Visual Studio 2017\AngularBasic\AngularBasic\wwwroot\clientapp\dist\ClientApp\app\shop\cart.component.js.map
C:\Users\admin\Documents\Visual Studio 2017\AngularBasic\AngularBasic\wwwroot\clientapp\dist\ClientApp\app\shop\shop.component.js
C:\Users\admin\Documents\Visual Studio 2017\AngularBasic\AngularBasic\wwwroot\clientapp\dist\ClientApp\app\shop\shop.component.js.map
C:\Users\admin\Documents\Visual Studio 2017\AngularBasic\AngularBasic\wwwroot\clientapp\dist\ClientApp\app\checkout\checkout.component.js
C:\Users\admin\Documents\Visual Studio 2017\AngularBasic\AngularBasic\wwwroot\clientapp\dist\ClientApp\app\checkout\checkout.component.js.map
C:\Users\admin\Documents\Visual Studio 2017\AngularBasic\AngularBasic\wwwroot\clientapp\dist\ClientApp\app\login\login.component.js
C:\Users\admin\Documents\Visual Studio 2017\AngularBasic\AngularBasic\wwwroot\clientapp\dist\ClientApp\app\login\login.component.js.map
C:\Users\admin\Documents\Visual Studio 2017\AngularBasic\AngularBasic\wwwroot\clientapp\dist\ClientApp\app\app.module.js
C:\Users\admin\Documents\Visual Studio 2017\AngularBasic\AngularBasic\wwwroot\clientapp\dist\ClientApp\app\app.module.js.map
C:\Users\admin\Documents\Visual Studio 2017\AngularBasic\AngularBasic\wwwroot\clientapp\dist\ClientApp\environments\environment.js
C:\Users\admin\Documents\Visual Studio 2017\AngularBasic\AngularBasic\wwwroot\clientapp\dist\ClientApp\environments\environment.js.map
C:\Users\admin\Documents\Visual Studio 2017\AngularBasic\AngularBasic\wwwroot\clientapp\dist\ClientApp\main.js
C:\Users\admin\Documents\Visual Studio 2017\AngularBasic\AngularBasic\wwwroot\clientapp\dist\ClientApp\main.js.map
C:\Users\admin\Documents\Visual Studio 2017\AngularBasic\AngularBasic\wwwroot\clientapp\dist\ClientApp\polyfills.js
C:\Users\admin\Documents\Visual Studio 2017\AngularBasic\AngularBasic\wwwroot\clientapp\dist\ClientApp\polyfills.js.map
C:\Users\admin\Documents\Visual Studio 2017\AngularBasic\AngularBasic\wwwroot\clientapp\dist\ClientApp\environments\environment.prod.js
C:\Users\admin\Documents\Visual Studio 2017\AngularBasic\AngularBasic\wwwroot\clientapp\dist\ClientApp\environments\environment.prod.js.map
C:\Users\admin\Documents\Visual Studio 2017\AngularBasic\AngularBasic\wwwroot\clientapp\dist\wwwroot\ts\storecustomer.js
C:\Users\admin\Documents\Visual Studio 2017\AngularBasic\AngularBasic\wwwroot\clientapp\dist\wwwroot\ts\storecustomer.js.map
C:\Users\admin\Documents\Visual Studio 2017\AngularBasic\AngularBasic\wwwroot\clientapp\dist\wwwroot\ts\main.js
C:\Users\admin\Documents\Visual Studio 2017\AngularBasic\AngularBasic\wwwroot\clientapp\dist\wwwroot\ts\main.js.map
C:\Users\admin\Documents\Visual Studio 2017\AngularBasic\AngularBasic\wwwroot\clientapp\dist\ClientApp\app\app.component.js
C:\Users\admin\Documents\Visual Studio 2017\AngularBasic\AngularBasic\wwwroot\clientapp\dist\ClientApp\app\app.component.js.map
C:\Users\admin\Documents\Visual Studio 2017\AngularBasic\AngularBasic\wwwroot\clientapp\dist\ClientApp\app\shared\product.js
C:\Users\admin\Documents\Visual Studio 2017\AngularBasic\AngularBasic\wwwroot\clientapp\dist\ClientApp\app\shared\product.js.map
C:\Users\admin\Documents\Visual Studio 2017\AngularBasic\AngularBasic\wwwroot\clientapp\dist\ClientApp\app\shared\order.js
C:\Users\admin\Documents\Visual Studio 2017\AngularBasic\AngularBasic\wwwroot\clientapp\dist\ClientApp\app\shared\order.js.map
C:\Users\admin\Documents\Visual Studio 2017\AngularBasic\AngularBasic\wwwroot\clientapp\dist\ClientApp\app\shared\dataService.js
C:\Users\admin\Documents\Visual Studio 2017\AngularBasic\AngularBasic\wwwroot\clientapp\dist\ClientApp\app\shared\dataService.js.map
C:\Users\admin\Documents\Visual Studio 2017\AngularBasic\AngularBasic\wwwroot\clientapp\dist\ClientApp\app\shop\productList.component.js
C:\Users\admin\Documents\Visual Studio 2017\AngularBasic\AngularBasic\wwwroot\clientapp\dist\ClientApp\app\shop\productList.component.js.map
C:\Users\admin\Documents\Visual Studio 2017\AngularBasic\AngularBasic\wwwroot\clientapp\dist\ClientApp\app\shop\cart.component.js
C:\Users\admin\Documents\Visual Studio 2017\AngularBasic\AngularBasic\wwwroot\clientapp\dist\ClientApp\app\shop\cart.component.js.map
C:\Users\admin\Documents\Visual Studio 2017\AngularBasic\AngularBasic\wwwroot\clientapp\dist\ClientApp\app\shop\shop.component.js
C:\Users\admin\Documents\Visual Studio 2017\AngularBasic\AngularBasic\wwwroot\clientapp\dist\ClientApp\app\shop\shop.component.js.map
C:\Users\admin\Documents\Visual Studio 2017\AngularBasic\AngularBasic\wwwroot\clientapp\dist\ClientApp\app\checkout\checkout.component.js
C:\Users\admin\Documents\Visual Studio 2017\AngularBasic\AngularBasic\wwwroot\clientapp\dist\ClientApp\app\checkout\checkout.component.js.map
C:\Users\admin\Documents\Visual Studio 2017\AngularBasic\AngularBasic\wwwroot\clientapp\dist\ClientApp\app\login\login.component.js
C:\Users\admin\Documents\Visual Studio 2017\AngularBasic\AngularBasic\wwwroot\clientapp\dist\ClientApp\app\login\login.component.js.map
C:\Users\admin\Documents\Visual Studio 2017\AngularBasic\AngularBasic\wwwroot\clientapp\dist\ClientApp\app\app.module.js
C:\Users\admin\Documents\Visual Studio 2017\AngularBasic\AngularBasic\wwwroot\clientapp\dist\ClientApp\app\app.module.js.map
C:\Users\admin\Documents\Visual Studio 2017\AngularBasic\AngularBasic\wwwroot\clientapp\dist\ClientApp\environments\environment.js
C:\Users\admin\Documents\Visual Studio 2017\AngularBasic\AngularBasic\wwwroot\clientapp\dist\ClientApp\environments\environment.js.map
C:\Users\admin\Documents\Visual Studio 2017\AngularBasic\AngularBasic\wwwroot\clientapp\dist\ClientApp\main.js
C:\Users\admin\Documents\Visual Studio 2017\AngularBasic\AngularBasic\wwwroot\clientapp\dist\ClientApp\main.js.map
C:\Users\admin\Documents\Visual Studio 2017\AngularBasic\AngularBasic\wwwroot\clientapp\dist\ClientApp\polyfills.js
C:\Users\admin\Documents\Visual Studio 2017\AngularBasic\AngularBasic\wwwroot\clientapp\dist\ClientApp\polyfills.js.map
C:\Users\admin\Documents\Visual Studio 2017\AngularBasic\AngularBasic\wwwroot\clientapp\dist\ClientApp\environments\environment.prod.js
C:\Users\admin\Documents\Visual Studio 2017\AngularBasic\AngularBasic\wwwroot\clientapp\dist\ClientApp\environments\environment.prod.js.map
